# JRE version: Java(TM) SE Runtime Environment (17.0.11+7) (build 17.0.11+7-LTS-207)
# Java VM: Java HotSpot(TM) 64-Bit Server VM (17.0.11+7-LTS-207, mixed mode, sharing, tiered, compressed oops, compressed class ptrs, g1 gc, windows-amd64)
GC Precious Log:
 CPUs: 4 total, 4 available
 Memory: 3911M
 Large Page Support: Disabled
 NUMA Support: Disabled
 Compressed Oops: Enabled (32-bit)
 Heap Region Size: 1M
 Heap Min Capacity: 8M
 Heap Initial Capacity: 62M
 Heap Max Capacity: 978M
 Pre-touch: Disabled
 Parallel Workers: 4
 Concurrent Workers: 1
 Concurrent Refinement Workers: 4
 Periodic GC: Disabled
Heap:
 garbage-first heap   total 63488K, used 18575K [0x00000000c2e00000, 0x0000000100000000)
  region size 1024K, 1 young (1024K), 1 survivors (1024K)
 Metaspace       used 28865K, committed 29184K, reserved 1114112K
  class space    used 3259K, committed 3392K, reserved 1048576K
GC Heap History (20 events):
Event: 12.227 GC heap after
{Heap after GC invocations=4 (full 0):
 garbage-first heap   total 63488K, used 8414K [0x00000000c2e00000, 0x0000000100000000)
  region size 1024K, 5 young (5120K), 5 survivors (5120K)
 Metaspace       used 15037K, committed 15168K, reserved 1114112K
  class space    used 1817K, committed 1856K, reserved 1048576K
}
Event: 14.548 GC heap before
{Heap before GC invocations=4 (full 0):
 garbage-first heap   total 63488K, used 41182K [0x00000000c2e00000, 0x0000000100000000)
  region size 1024K, 37 young (37888K), 5 survivors (5120K)
 Metaspace       used 16398K, committed 16576K, reserved 1114112K
  class space    used 1945K, committed 2048K, reserved 1048576K
}
Event: 14.571 GC heap after
{Heap after GC invocations=5 (full 0):
 garbage-first heap   total 63488K, used 10528K [0x00000000c2e00000, 0x0000000100000000)
  region size 1024K, 3 young (3072K), 3 survivors (3072K)
 Metaspace       used 16398K, committed 16576K, reserved 1114112K
  class space    used 1945K, committed 2048K, reserved 1048576K
}
Event: 16.541 GC heap before
{Heap before GC invocations=5 (full 0):
 garbage-first heap   total 63488K, used 24864K [0x00000000c2e00000, 0x0000000100000000)
  region size 1024K, 18 young (18432K), 3 survivors (3072K)
 Metaspace       used 21278K, committed 21504K, reserved 1114112K
  class space    used 2552K, committed 2688K, reserved 1048576K
}
Event: 16.554 GC heap after
{Heap after GC invocations=6 (full 0):
 garbage-first heap   total 63488K, used 11381K [0x00000000c2e00000, 0x0000000100000000)
  region size 1024K, 4 young (4096K), 4 survivors (4096K)
 Metaspace       used 21278K, committed 21504K, reserved 1114112K
  class space    used 2552K, committed 2688K, reserved 1048576K
}
Event: 18.771 GC heap before
{Heap before GC invocations=7 (full 0):
 garbage-first heap   total 45056K, used 33909K [0x00000000c2e00000, 0x0000000100000000)
  region size 1024K, 26 young (26624K), 4 survivors (4096K)
 Metaspace       used 25250K, committed 25472K, reserved 1114112K
  class space    used 2958K, committed 3072K, reserved 1048576K
}
Event: 18.808 GC heap after
{Heap after GC invocations=8 (full 0):
 garbage-first heap   total 45056K, used 16847K [0x00000000c2e00000, 0x0000000100000000)
  region size 1024K, 4 young (4096K), 4 survivors (4096K)
 Metaspace       used 25250K, committed 25472K, reserved 1114112K
  class space    used 2958K, committed 3072K, reserved 1048576K
}
Event: 18.846 GC heap before
{Heap before GC invocations=8 (full 0):
 garbage-first heap   total 45056K, used 17871K [0x00000000c2e00000, 0x0000000100000000)
  region size 1024K, 5 young (5120K), 4 survivors (4096K)
 Metaspace       used 25278K, committed 25472K, reserved 1114112K
  class space    used 2961K, committed 3072K, reserved 1048576K
}
Event: 18.866 GC heap after
{Heap after GC invocations=9 (full 0):
 garbage-first heap   total 45056K, used 17802K [0x00000000c2e00000, 0x0000000100000000)
  region size 1024K, 1 young (1024K), 1 survivors (1024K)
 Metaspace       used 25278K, committed 25472K, reserved 1114112K
  class space    used 2961K, committed 3072K, reserved 1048576K
}
Event: 21.259 GC heap before
{Heap before GC invocations=9 (full 0):
 garbage-first heap   total 45056K, used 32138K [0x00000000c2e00000, 0x0000000100000000)
  region size 1024K, 15 young (15360K), 1 survivors (1024K)
 Metaspace       used 27264K, committed 27520K, reserved 1114112K
  class space    used 3137K, committed 3264K, reserved 1048576K
}
Event: 21.271 GC heap after
{Heap after GC invocations=10 (full 0):
 garbage-first heap   total 45056K, used 18940K [0x00000000c2e00000, 0x0000000100000000)
  region size 1024K, 2 young (2048K), 2 survivors (2048K)
 Metaspace       used 27264K, committed 27520K, reserved 1114112K
  class space    used 3137K, committed 3264K, reserved 1048576K
}
Event: 22.668 GC heap before
{Heap before GC invocations=11 (full 0):
 garbage-first heap   total 45056K, used 33276K [0x00000000c2e00000, 0x0000000100000000)
  region size 1024K, 16 young (16384K), 2 survivors (2048K)
 Metaspace       used 27490K, committed 27776K, reserved 1114112K
  class space    used 3153K, committed 3264K, reserved 1048576K
}
Event: 22.683 GC heap after
{Heap after GC invocations=12 (full 0):
 garbage-first heap   total 45056K, used 20390K [0x00000000c2e00000, 0x0000000100000000)
  region size 1024K, 2 young (2048K), 2 survivors (2048K)
 Metaspace       used 27490K, committed 27776K, reserved 1114112K
  class space    used 3153K, committed 3264K, reserved 1048576K
}
Event: 23.491 GC heap before
{Heap before GC invocations=12 (full 0):
 garbage-first heap   total 45056K, used 33702K [0x00000000c2e00000, 0x0000000100000000)
  region size 1024K, 15 young (15360K), 2 survivors (2048K)
 Metaspace       used 27652K, committed 27904K, reserved 1114112K
  class space    used 3154K, committed 3264K, reserved 1048576K
}
Event: 23.499 GC heap after
{Heap after GC invocations=13 (full 0):
 garbage-first heap   total 45056K, used 21186K [0x00000000c2e00000, 0x0000000100000000)
  region size 1024K, 1 young (1024K), 1 survivors (1024K)
 Metaspace       used 27652K, committed 27904K, reserved 1114112K
  class space    used 3154K, committed 3264K, reserved 1048576K
}
Event: 24.154 GC heap before
{Heap before GC invocations=13 (full 0):
 garbage-first heap   total 45056K, used 33474K [0x00000000c2e00000, 0x0000000100000000)
  region size 1024K, 14 young (14336K), 1 survivors (1024K)
 Metaspace       used 28752K, committed 29056K, reserved 1114112K
  class space    used 3258K, committed 3392K, reserved 1048576K
}
Event: 24.161 GC heap after
{Heap after GC invocations=14 (full 0):
 garbage-first heap   total 45056K, used 21864K [0x00000000c2e00000, 0x0000000100000000)
  region size 1024K, 2 young (2048K), 2 survivors (2048K)
 Metaspace       used 28752K, committed 29056K, reserved 1114112K
  class space    used 3258K, committed 3392K, reserved 1048576K
}
Event: 25.034 GC heap before
{Heap before GC invocations=15 (full 0):
 garbage-first heap   total 45056K, used 35176K [0x00000000c2e00000, 0x0000000100000000)
  region size 1024K, 15 young (15360K), 2 survivors (2048K)
 Metaspace       used 28855K, committed 29184K, reserved 1114112K
  class space    used 3259K, committed 3392K, reserved 1048576K
}
Event: 25.042 GC heap after
{Heap after GC invocations=16 (full 0):
 garbage-first heap   total 45056K, used 22736K [0x00000000c2e00000, 0x0000000100000000)
  region size 1024K, 2 young (2048K), 2 survivors (2048K)
 Metaspace       used 28855K, committed 29184K, reserved 1114112K
  class space    used 3259K, committed 3392K, reserved 1048576K
}
Event: 25.265 GC heap before
{Heap before GC invocations=16 (full 0):
 garbage-first heap   total 45056K, used 22736K [0x00000000c2e00000, 0x0000000100000000)
  region size 1024K, 3 young (3072K), 2 survivors (2048K)
 Metaspace       used 28865K, committed 29184K, reserved 1114112K
  class space    used 3259K, committed 3392K, reserved 1048576K
}

